 INFO [2012-05-31 18:29:44] (InstanceGroupImpl.java:91) - launching 1 to 1 instances with null in groups []...
 INFO [2012-05-31 18:59:44] (InstanceGroupImpl.java:91) - launching 1 to 1 instances with null in groups []...
 INFO [2012-05-31 19:21:10] (InstanceGroupImpl.java:91) - launching 1 to 1 instances with null in groups []...
 INFO [2012-05-31 19:24:39] (InstanceGroupImpl.java:91) - launching 1 to 1 instances with amzn-ami in groups []...
 INFO [2012-05-31 19:25:07] (InstanceGroupImpl.java:91) - launching 1 to 1 instances with ami-amzn in groups []...
 INFO [2012-05-31 19:32:58] (InstanceGroupImpl.java:91) - launching 1 to 1 instances with ami-e565ba8c in groups []...
 INFO [2012-05-31 19:38:39] (InstanceGroupImpl.java:91) - launching 1 to 1 instances with ami-e565ba8c in groups []...
 INFO [2012-05-31 19:38:41] (InstanceGroupImpl.java:96) - triggered launch of 1 instances: [i-dc3edfa5]
 INFO [2012-05-31 19:38:41] (Ec2Util.java:186) - wait on instances [default] to enter 'running' mode. Sleeping 10000 ms. zzz...
 INFO [2012-05-31 19:45:48] (InstanceGroupImpl.java:91) - launching 1 to 1 instances with ami-e565ba8c in groups []...
 INFO [2012-05-31 19:45:49] (InstanceGroupImpl.java:96) - triggered launch of 1 instances: [i-e809e891]
 INFO [2012-05-31 19:45:49] (Ec2Util.java:186) - wait on instances [default] to enter 'running' mode. Sleeping 10000 ms. zzz...
 INFO [2012-05-31 19:48:46] (InstanceGroupImpl.java:91) - launching 1 to 1 instances with ami-e565ba8c in groups []...
 INFO [2012-05-31 19:48:47] (InstanceGroupImpl.java:96) - triggered launch of 1 instances: [i-9e0dece7]
 INFO [2012-05-31 19:48:47] (Ec2Util.java:186) - wait on instances [default] to enter 'running' mode. Sleeping 10000 ms. zzz...
 INFO [2012-05-31 19:48:57] (Ec2Util.java:186) - wait on instances [default] to enter 'running' mode. Sleeping 10000 ms. zzz...
 INFO [2012-05-31 19:49:07] (Ec2Util.java:186) - wait on instances [default] to enter 'running' mode. Sleeping 10000 ms. zzz...
 INFO [2012-05-31 19:49:18] (InstanceGroupImpl.java:99) - launched 1 instances: [i-9e0dece7] / [ec2-23-22-148-90.compute-1.amazonaws.com]
 INFO [2012-05-31 19:49:18] (InstanceGroupImpl.java:91) - launching 1 to 1 instances with ami-e565ba8c in groups []...
 INFO [2012-05-31 19:49:19] (InstanceGroupImpl.java:96) - triggered launch of 1 instances: [i-e60ced9f]
 INFO [2012-05-31 19:49:19] (Ec2Util.java:186) - wait on instances [default] to enter 'running' mode. Sleeping 10000 ms. zzz...
 INFO [2012-05-31 19:49:29] (Ec2Util.java:186) - wait on instances [default] to enter 'running' mode. Sleeping 10000 ms. zzz...
 INFO [2012-05-31 19:49:39] (Ec2Util.java:186) - wait on instances [default] to enter 'running' mode. Sleeping 10000 ms. zzz...
 INFO [2012-05-31 19:49:49] (InstanceGroupImpl.java:99) - launched 1 instances: [i-e60ced9f] / [ec2-174-129-165-242.compute-1.amazonaws.com]
 INFO [2012-05-31 19:49:50] (InstanceGroupImpl.java:91) - launching 1 to 1 instances with ami-e565ba8c in groups []...
 INFO [2012-05-31 19:49:50] (InstanceGroupImpl.java:96) - triggered launch of 1 instances: [i-8c0cedf5]
 INFO [2012-05-31 19:49:50] (Ec2Util.java:186) - wait on instances [default] to enter 'running' mode. Sleeping 10000 ms. zzz...
 INFO [2012-05-31 19:50:01] (Ec2Util.java:186) - wait on instances [default] to enter 'running' mode. Sleeping 10000 ms. zzz...
 INFO [2012-05-31 19:50:11] (Ec2Util.java:186) - wait on instances [default] to enter 'running' mode. Sleeping 10000 ms. zzz...
 INFO [2012-06-02 00:43:32] (InstanceGroupImpl.java:91) - launching 1 to 1 instances with ami-e565ba8c in groups []...
 INFO [2012-06-02 00:43:33] (InstanceGroupImpl.java:96) - triggered launch of 1 instances: [i-cee903b7]
 INFO [2012-06-02 00:43:33] (Ec2Util.java:186) - wait on instances [default] to enter 'running' mode. Sleeping 10000 ms. zzz...
 INFO [2012-06-02 00:43:44] (Ec2Util.java:186) - wait on instances [default] to enter 'running' mode. Sleeping 10000 ms. zzz...
 INFO [2012-06-02 00:43:54] (InstanceGroupImpl.java:99) - launched 1 instances: [i-cee903b7] / [ec2-23-22-29-230.compute-1.amazonaws.com]
 INFO [2012-06-02 00:43:54] (InstanceGroupImpl.java:91) - launching 1 to 1 instances with ami-e565ba8c in groups []...
 INFO [2012-06-02 00:43:55] (InstanceGroupImpl.java:96) - triggered launch of 1 instances: [i-80e903f9]
 INFO [2012-06-02 00:43:55] (Ec2Util.java:186) - wait on instances [default] to enter 'running' mode. Sleeping 10000 ms. zzz...
 INFO [2012-06-02 00:44:05] (Ec2Util.java:186) - wait on instances [default] to enter 'running' mode. Sleeping 10000 ms. zzz...
 INFO [2012-06-02 00:44:15] (InstanceGroupImpl.java:99) - launched 1 instances: [i-80e903f9] / [ec2-23-22-144-211.compute-1.amazonaws.com]
 INFO [2012-06-02 00:44:16] (InstanceGroupImpl.java:91) - launching 1 to 1 instances with ami-e565ba8c in groups []...
 INFO [2012-06-02 00:44:16] (InstanceGroupImpl.java:96) - triggered launch of 1 instances: [i-fcee0485]
 INFO [2012-06-02 00:44:16] (Ec2Util.java:186) - wait on instances [default] to enter 'running' mode. Sleeping 10000 ms. zzz...
